recieved partial text packet
recieved partial text packet
Displayed text:                     
changed alarm to a frequency of 21 and a duty of 7
displayed background with objNum: 4
recieved partial text packet
recieved partial text packet
Displayed text:                    C
recieved partial text packet
recieved partial text packet
Displayed text:                   Co
changed alarm to a frequency of 29 and a duty of 7
recieved partial text packet
recieved partial text packet
Displayed text:                  Cod
recieved partial text packet
recieved partial text packet
Displayed text:                 Code
recieved partial text packet
recieved partial text packet
Displayed text:                Code 
recieved partial text packet
recieved partial text packet
Displayed text:               Code F
changed alarm to a frequency of 21 and a duty of 7
recieved partial text packet
recieved partial text packet
Displayed text:              Code FH
recieved partial text packet
recieved partial text packet
Displayed text:             Code FH 
changed alarm to a frequency of 29 and a duty of 7
recieved partial text packet
recieved partial text packet
Displayed text:            Code FH  
recieved partial text packet
recieved partial text packet
Displayed text:           Code FH  I
recieved partial text packet
recieved partial text packet
Displayed text:          Code FH  In
recieved partial text packet
recieved partial text packet
Displayed text:         Code FH  Inf
changed alarm to a frequency of 21 and a duty of 7
recieved partial text packet
recieved partial text packet
Displayed text:        Code FH  Info
recieved partial text packet
recieved partial text packet
Displayed text:       Code FH  Infor
recieved partial text packet
recieved partial text packet
Displayed text:      Code FH  Inform
changed alarm to a frequency of 29 and a duty of 7
recieved partial text packet
recieved partial text packet
Displayed text:     Code FH  Inform 
recieved partial text packet
recieved partial text packet
Displayed text:    Code FH  Inform s
recieved partial text packet
recieved partial text packet
Displayed text:   Code FH  Inform se
recieved partial text packet
recieved partial text packet
Displayed text:  Code FH  Inform ser
changed alarm to a frequency of 0 and a duty of 7
recieved partial text packet
recieved partial text packet
Displayed text: Code FH  Inform serv
recieved partial text packet
recieved partial text packet
Displayed text: ode FH  Inform servi
displayed background with objNum: 4
changed alarm to a frequency of 0 and a duty of 7
displayed background with objNum: 5
changed display brightness to 3
changed display brightness to 1
changed display brightness to 1
changed display brightness to 1
changed display brightness to 1
changed display brightness to 1
changed display brightness to 1
changed display brightness to 1
changed display brightness to 1
changed display brightness to 1
changed display brightness to 1
recieved partial text packet
recieved partial text packet
Displayed text: Selftest            
displayed background with objNum: 147
recieved partial text packet
Displayed text: 3000lb
displayed image with objNum: 57
Displayed text: 0.0
displayed image with objNum: 18
displayed image with objNum: 30
changed alarm to a frequency of 21 and a duty of 7
displayed image with objNum: 134
displayed image with objNum: 129
displayed image with objNum: 98
displayed image with objNum: 99
recieved partial text packet
Displayed text:   0in
displayed image with objNum: 31
recieved partial text packet
Displayed text:         
displayed image with objNum: 44
recieved partial text packet
recieved partial text packet
Displayed text: Selftest            
displayed image with objNum: 44
changed alarm to a frequency of 29 and a duty of 7
displayed image with objNum: 44
recieved partial text packet
recieved partial text packet
Displayed text:                    C
displayed image with objNum: 44
displayed image with objNum: 44
displayed image with objNum: 44
recieved partial text packet
recieved partial text packet
Displayed text:                   Co
displayed image with objNum: 44
displayed image with objNum: 44
displayed image with objNum: 44
recieved partial text packet
recieved partial text packet
Displayed text:                  Cod
displayed image with objNum: 44
changed alarm to a frequency of 21 and a duty of 7
displayed image with objNum: 44
displayed image with objNum: 44
recieved partial text packet
recieved partial text packet
Displayed text:                 Code
displayed image with objNum: 44
displayed image with objNum: 44
displayed image with objNum: 44
recieved partial text packet
recieved partial text packet
Displayed text:                Code 
displayed image with objNum: 44
changed alarm to a frequency of 29 and a duty of 7
displayed image with objNum: 44
displayed image with objNum: 44
recieved partial text packet
recieved partial text packet
Displayed text:               Code F
displayed image with objNum: 44
displayed image with objNum: 44
displayed image with objNum: 44
recieved partial text packet
recieved partial text packet
Displayed text:              Code FH
displayed image with objNum: 44
displayed image with objNum: 44
displayed image with objNum: 44
recieved partial text packet
recieved partial text packet
Displayed text:             Code FH 
displayed image with objNum: 44
displayed image with objNum: 44
changed alarm to a frequency of 21 and a duty of 7
displayed image with objNum: 44
recieved partial text packet
recieved partial text packet
Displayed text:            Code FH  
displayed image with objNum: 44
displayed image with objNum: 44
displayed image with objNum: 44
recieved partial text packet
recieved partial text packet
Displayed text:           Code FH  I
displayed image with objNum: 44
displayed image with objNum: 44
displayed image with objNum: 44
recieved partial text packet
recieved partial text packet
Displayed text:          Code FH  In
changed alarm to a frequency of 29 and a duty of 7
displayed image with objNum: 44
displayed image with objNum: 44
displayed image with objNum: 44
recieved partial text packet
recieved partial text packet
Displayed text:         Code FH  Inf
displayed image with objNum: 44
displayed image with objNum: 44
displayed image with objNum: 44
recieved partial text packet
recieved partial text packet
Displayed text:        Code FH  Info
displayed image with objNum: 44
displayed image with objNum: 44
displayed image with objNum: 44
recieved partial text packet
recieved partial text packet
Displayed text:       Code FH  Infor
displayed image with objNum: 44
changed alarm to a frequency of 0 and a duty of 7
displayed image with objNum: 44
displayed image with objNum: 44
recieved partial text packet
recieved partial text packet
Displayed text:      Code FH  Inform
displayed image with objNum: 44
displayed image with objNum: 44
displayed image with objNum: 44
recieved partial text packet
recieved partial text packet
Displayed text:     Code FH  Inform 
displayed image with objNum: 44
displayed image with objNum: 44
displayed image with objNum: 44
recieved partial text packet
recieved partial text packet
Displayed text:    Code FH  Inform s
displayed image with objNum: 44
displayed image with objNum: 44
displayed image with objNum: 44
recieved partial text packet
recieved partial text packet
Displayed text:   Code FH  Inform se
displayed image with objNum: 44
displayed image with objNum: 44
displayed image with objNum: 44
recieved partial text packet
recieved partial text packet
Displayed text:  Code FH  Inform ser
displayed image with objNum: 44
displayed image with objNum: 44
displayed image with objNum: 44
recieved partial text packet
recieved partial text packet
Displayed text: Code FH  Inform serv
displayed image with objNum: 44
displayed image with objNum: 44
displayed image with objNum: 44
recieved partial text packet
recieved partial text packet
Displayed text: ode FH  Inform servi
displayed image with objNum: 44
displayed image with objNum: 44
displayed image with objNum: 44
recieved partial text packet
recieved partial text packet
Displayed text: de FH  Inform servic
recieved partial text packet
Displayed text:    0%
displayed image with objNum: 7
displayed image with objNum: 44
displayed image with objNum: 44
displayed image with objNum: 44
recieved partial text packet
recieved partial text packet
Displayed text: e FH  Inform service
displayed image with objNum: 44
displayed image with objNum: 44
displayed image with objNum: 44
recieved partial text packet
recieved partial text packet
Displayed text:  FH  Inform service 
displayed image with objNum: 44
displayed image with objNum: 44
displayed image with objNum: 44
recieved partial text packet
recieved partial text packet
Displayed text: FH  Inform service  
displayed image with objNum: 44
displayed image with objNum: 44
displayed image with objNum: 44
recieved partial text packet
recieved partial text packet
Displayed text: H  Inform service   
displayed image with objNum: 44
displayed image with objNum: 44
displayed image with objNum: 44
recieved partial text packet
recieved partial text packet
Displayed text:   Inform service    
displayed image with objNum: 44
displayed image with objNum: 44
displayed image with objNum: 44
recieved partial text packet
recieved partial text packet
TIMEOUT: no command received in the last 4000ms
