sending version
displayed background with objNum: 4
displayed background with objNum: 5
sending version
sending version
sending version
sending version
sending version
changed alarm to a frequency of 1 and a duty of 10
changed alarm to a frequency of 1 and a duty of 10
sending version
recieved partial text packet
recieved partial text packet
Displayed text: CODE 45             
sending version
sending version
sending version
sending version
sending version
sending version
sending version
changed alarm to a frequency of 1 and a duty of 30
sending version
sending version
sending version
sending version
sending version
sending version
sending version
sending version
changed alarm to a frequency of 1 and a duty of 10
sending version
sending version
sending version
sending version
recieved partial text packet
recieved partial text packet
Displayed text:                    I
sending version
sending version
recieved partial text packet
recieved partial text packet
Displayed text:                   In
sending version
sending version
changed alarm to a frequency of 1 and a duty of 30
recieved partial text packet
recieved partial text packet
Displayed text:                  Inf
sending version
sending version
recieved partial text packet
recieved partial text packet
Displayed text:                 Info
sending version
sending version
recieved partial text packet
recieved partial text packet
Displayed text:                Infor
sending version
sending version
recieved partial text packet
recieved partial text packet
Displayed text:               Inform
sending version
changed alarm to a frequency of 1 and a duty of 10
sending version
recieved partial text packet
recieved partial text packet
Displayed text:              Inform 
sending version
sending version
recieved partial text packet
recieved partial text packet
Displayed text:             Inform S
sending version
sending version
recieved partial text packet
recieved partial text packet
Displayed text:            Inform Se
sending version
sending version
recieved partial text packet
recieved partial text packet
Displayed text:           Inform Ser
sending version
changed alarm to a frequency of 1 and a duty of 30
sending version
recieved partial text packet
recieved partial text packet
Displayed text:          Inform Serv
sending version
sending version
recieved partial text packet
recieved partial text packet
Displayed text:         Inform Servi
sending version
sending version
recieved partial text packet
recieved partial text packet
Displayed text:        Inform Servic
sending version
sending version
recieved partial text packet
recieved partial text packet
Displayed text:       Inform Service
changed alarm to a frequency of 0 and a duty of 0
sending version
changed alarm to a frequency of 0 and a duty of 0
sending version
recieved partial text packet
recieved partial text packet
Displayed text:      Inform Service 
sending version
sending version
recieved partial text packet
recieved partial text packet
Displayed text:     Inform Service _
sending version
sending version
recieved partial text packet
recieved partial text packet
Displayed text:    Inform Service __
displayed background with objNum: 4
sending version
displayed background with objNum: 4
sending version
recieved partial text packet
recieved partial text packet
Displayed text:   Inform Service ___
recieved partial text packet
Displayed text:        
displayed image with objNum: 44
sending version
sending version
displayed background with objNum: 147
recieved partial text packet
Displayed text:    0lb
displayed image with objNum: 57
Displayed text: 0.0
displayed image with objNum: 18
displayed image with objNum: 30
recieved partial text packet
Displayed text:   0in
sending version
displayed image with objNum: 31
displayed image with objNum: 134
displayed image with objNum: 121
sending version
displayed image with objNum: 98
displayed image with objNum: 101
sending version
sending version
recieved partial text packet
recieved partial text packet
Displayed text:  Inform Service ____
displayed image with objNum: 44
sending version
sending version
sending version
recieved partial text packet
recieved partial text packet
Displayed text: Inform Service _____
displayed image with objNum: 44
sending version
sending version
sending version
recieved partial text packet
recieved partial text packet
Displayed text: nform Service ______
displayed image with objNum: 44
sending version
sending version
sending version
sending version
recieved partial text packet
recieved partial text packet
Displayed text: form Service _______
displayed image with objNum: 44
sending version
sending version
sending version
recieved partial text packet
recieved partial text packet
Displayed text: orm Service ________
displayed image with objNum: 44
sending version
sending version
recieved partial text packet
Displayed text: 113in
displayed image with objNum: 34
displayed image with objNum: 134
changed alarm to a frequency of 78 and a duty of 7
displayed image with objNum: 109
sending version
displayed image with objNum: 98
changed alarm to a frequency of 0 and a duty of 0
displayed image with objNum: 99
sending version
changed alarm to a frequency of 31 and a duty of 7
sending version
recieved partial text packet
recieved partial text packet
Displayed text: rm Service _________
changed alarm to a frequency of 0 and a duty of 0
displayed image with objNum: 44
sending version
changed alarm to a frequency of 78 and a duty of 7
sending version
changed alarm to a frequency of 0 and a duty of 0
sending version
changed alarm to a frequency of 0 and a duty of 0
recieved partial text packet
recieved partial text packet
Displayed text: m Service __________
displayed image with objNum: 44
sending version
sending version
sending version
recieved partial text packet
recieved partial text packet
Displayed text:  Service ___________
displayed image with objNum: 44
sending version
sending version
sending version
recieved partial text packet
recieved partial text packet
Displayed text: Service ___________ 
displayed image with objNum: 44
sending version
sending version
recieved partial text packet
recieved partial text packet
Displayed text: ervice ___________ _
displayed image with objNum: 44
sending version
sending version
sending version
recieved partial text packet
recieved partial text packet
Displayed text: rvice ___________ __
displayed image with objNum: 44
sending version
sending version
sending version
recieved partial text packet
recieved partial text packet
Displayed text: vice ___________ ___
displayed image with objNum: 44
sending version
sending version
sending version
recieved partial text packet
recieved partial text packet
Displayed text: ice ___________ ____
displayed image with objNum: 44
sending version
sending version
sending version
recieved partial text packet
recieved partial text packet
Displayed text: ce ___________ _____
displayed image with objNum: 44
sending version
sending version
sending version
recieved partial text packet
recieved partial text packet
Displayed text: e ___________ ______
displayed image with objNum: 44
sending version
sending version
sending version
recieved partial text packet
recieved partial text packet
Displayed text:  ___________ _______
displayed image with objNum: 44
sending version
sending version
sending version
recieved partial text packet
recieved partial text packet
Displayed text: ___________ ________
displayed image with objNum: 44
sending version
sending version
sending version
recieved partial text packet
recieved partial text packet
Displayed text: __________ _________
displayed image with objNum: 44
sending version
sending version
sending version
recieved partial text packet
recieved partial text packet
Displayed text: _________ __________
displayed image with objNum: 44
sending version
sending version
recieved partial text packet
recieved partial text packet
Displayed text: ________ ___________
displayed image with objNum: 44
sending version
sending version
sending version
recieved partial text packet
recieved partial text packet
Displayed text: _______ ____________
displayed image with objNum: 44
sending version
sending version
sending version
recieved partial text packet
recieved partial text packet
Displayed text: ______ _____________
displayed image with objNum: 44
sending version
sending version
sending version
recieved partial text packet
recieved partial text packet
Displayed text: _____ ______________
displayed image with objNum: 44
sending version
sending version
sending version
recieved partial text packet
recieved partial text packet
Displayed text: ____ _______________
displayed image with objNum: 44
sending version
sending version
sending version
recieved partial text packet
recieved partial text packet
Displayed text: ___ _______________ 
displayed image with objNum: 44
sending version
sending version
sending version
recieved partial text packet
recieved partial text packet
Displayed text: __ _______________  
displayed image with objNum: 44
sending version
sending version
sending version
recieved partial text packet
recieved partial text packet
Displayed text: _ _______________   
displayed image with objNum: 44
sending version
sending version
recieved partial text packet
Displayed text:  92% 
displayed image with objNum: 16
sending version
sending version
recieved partial text packet
recieved partial text packet
Displayed text:  _______________    
displayed image with objNum: 44
sending version
TIMEOUT: no command received in the last 4000ms
